<?xml version="1.0" encoding="UTF-8"?>
<testng-results skipped="5" failed="2" total="7" passed="0">
  <reporter-output>
  </reporter-output>
  <suite name="Default suite" duration-ms="10512" started-at="2016-01-29T18:16:13Z" finished-at="2016-01-29T18:16:23Z">
    <groups>
    </groups>
    <test name="Default test" duration-ms="10512" started-at="2016-01-29T18:16:13Z" finished-at="2016-01-29T18:16:23Z">
      <class name="tests.HomePage">
        <test-method status="PASS" signature="setUp()" name="setUp" is-config="true" duration-ms="10490" started-at="2016-01-29T18:16:13Z" finished-at="2016-01-29T18:16:23Z">
        </test-method>
        <test-method status="FAIL" signature="isHomePage()" name="isHomePage" duration-ms="5" started-at="2016-01-29T18:16:23Z" finished-at="2016-01-29T18:16:23Z">
          <exception class="java.lang.NullPointerException">
            <full-stacktrace>
              <![CDATA[java.lang.NullPointerException
	at tests.HomePage.isHomePage(HomePage.java:30)
	at tests.HomePage.isHomePage(HomePage.java:30)
	at sun.reflect.NativeMethodAccessorImpl.invoke0(Native Method)
	at sun.reflect.NativeMethodAccessorImpl.invoke(NativeMethodAccessorImpl.java:62)
	at sun.reflect.DelegatingMethodAccessorImpl.invoke(DelegatingMethodAccessorImpl.java:43)
	at java.lang.reflect.Method.invoke(Method.java:497)
	at org.testng.internal.MethodInvocationHelper.invokeMethod(MethodInvocationHelper.java:80)
	at org.testng.internal.Invoker.invokeMethod(Invoker.java:673)
	at org.testng.internal.Invoker.invokeTestMethod(Invoker.java:842)
	at org.testng.internal.Invoker.invokeTestMethods(Invoker.java:1166)
	at org.testng.internal.TestMethodWorker.invokeTestMethods(TestMethodWorker.java:125)
	at org.testng.internal.TestMethodWorker.run(TestMethodWorker.java:109)
	at org.testng.TestRunner.runWorkers(TestRunner.java:1178)
	at org.testng.TestRunner.privateRun(TestRunner.java:757)
	at org.testng.TestRunner.run(TestRunner.java:608)
	at org.testng.SuiteRunner.runTest(SuiteRunner.java:334)
	at org.testng.SuiteRunner.runSequentially(SuiteRunner.java:329)
	at org.testng.SuiteRunner.privateRun(SuiteRunner.java:291)
	at org.testng.SuiteRunner.run(SuiteRunner.java:240)
	at org.testng.SuiteRunnerWorker.runSuite(SuiteRunnerWorker.java:52)
	at org.testng.SuiteRunnerWorker.run(SuiteRunnerWorker.java:86)
	at org.testng.TestNG.runSuitesSequentially(TestNG.java:1158)
	at org.testng.TestNG.runSuitesLocally(TestNG.java:1083)
	at org.testng.TestNG.run(TestNG.java:999)
	at org.testng.remote.RemoteTestNG.run(RemoteTestNG.java:111)
	at org.testng.remote.RemoteTestNG.initAndRun(RemoteTestNG.java:203)
	at org.testng.remote.RemoteTestNG.main(RemoteTestNG.java:174)
]]>
            </full-stacktrace>
          </exception>
        </test-method>
        <test-method status="FAIL" signature="searchProducts()" name="searchProducts" duration-ms="1" started-at="2016-01-29T18:16:23Z" finished-at="2016-01-29T18:16:23Z">
          <exception class="java.lang.Error">
            <message>
              <![CDATA[Unresolved compilation problems: 
	The method inputIntoSearch() is undefined for the type HomePage
	The method clickSearchButton() is undefined for the type HomePage
]]>
            </message>
            <full-stacktrace>
              <![CDATA[java.lang.Error: Unresolved compilation problems: 
	The method inputIntoSearch() is undefined for the type HomePage
	The method clickSearchButton() is undefined for the type HomePage

	at tests.HomePage.searchProducts(HomePage.java:39)
	at sun.reflect.NativeMethodAccessorImpl.invoke0(Native Method)
	at sun.reflect.NativeMethodAccessorImpl.invoke(NativeMethodAccessorImpl.java:62)
	at sun.reflect.DelegatingMethodAccessorImpl.invoke(DelegatingMethodAccessorImpl.java:43)
	at java.lang.reflect.Method.invoke(Method.java:497)
	at org.testng.internal.MethodInvocationHelper.invokeMethod(MethodInvocationHelper.java:80)
	at org.testng.internal.Invoker.invokeMethod(Invoker.java:673)
	at org.testng.internal.Invoker.invokeTestMethod(Invoker.java:842)
	at org.testng.internal.Invoker.invokeTestMethods(Invoker.java:1166)
	at org.testng.internal.TestMethodWorker.invokeTestMethods(TestMethodWorker.java:125)
	at org.testng.internal.TestMethodWorker.run(TestMethodWorker.java:109)
	at org.testng.TestRunner.runWorkers(TestRunner.java:1178)
	at org.testng.TestRunner.privateRun(TestRunner.java:757)
	at org.testng.TestRunner.run(TestRunner.java:608)
	at org.testng.SuiteRunner.runTest(SuiteRunner.java:334)
	at org.testng.SuiteRunner.runSequentially(SuiteRunner.java:329)
	at org.testng.SuiteRunner.privateRun(SuiteRunner.java:291)
	at org.testng.SuiteRunner.run(SuiteRunner.java:240)
	at org.testng.SuiteRunnerWorker.runSuite(SuiteRunnerWorker.java:52)
	at org.testng.SuiteRunnerWorker.run(SuiteRunnerWorker.java:86)
	at org.testng.TestNG.runSuitesSequentially(TestNG.java:1158)
	at org.testng.TestNG.runSuitesLocally(TestNG.java:1083)
	at org.testng.TestNG.run(TestNG.java:999)
	at org.testng.remote.RemoteTestNG.run(RemoteTestNG.java:111)
	at org.testng.remote.RemoteTestNG.initAndRun(RemoteTestNG.java:203)
	at org.testng.remote.RemoteTestNG.main(RemoteTestNG.java:174)
]]>
            </full-stacktrace>
          </exception>
        </test-method>
        <test-method status="SKIP" signature="changeCurrency()" name="changeCurrency" duration-ms="0" started-at="2016-01-29T18:16:23Z" depends-on-methods="tests.HomePage.isHomePage" finished-at="2016-01-29T18:16:23Z">
        </test-method>
        <test-method status="SKIP" signature="addToCompare()" name="addToCompare" duration-ms="0" started-at="2016-01-29T18:16:23Z" depends-on-methods="tests.HomePage.searchProducts" finished-at="2016-01-29T18:16:23Z">
        </test-method>
        <test-method status="SKIP" signature="usun()" name="usun" duration-ms="0" started-at="2016-01-29T18:16:23Z" depends-on-methods="tests.HomePage.goToComparePage" finished-at="2016-01-29T18:16:23Z">
        </test-method>
        <test-method status="SKIP" signature="goToComparePage()" name="goToComparePage" duration-ms="0" started-at="2016-01-29T18:16:23Z" depends-on-methods="tests.HomePage.addToCompare" finished-at="2016-01-29T18:16:23Z">
        </test-method>
        <test-method status="SKIP" signature="ileiel(int)" name="ileiel" duration-ms="1" started-at="2016-01-29T18:16:23Z" depends-on-methods="tests.HomePage.usun" finished-at="2016-01-29T18:16:23Z">
        </test-method>
      </class>
    </test>
  </suite>
</testng-results>
